<?xml version="1.0" encoding="UTF-8"?>
<testsuite name="com.TelRan.selenium.OpenGoogleTest" tests="1" skipped="0" failures="0" errors="0" timestamp="2019-08-19T18:02:13" hostname="LAPTOP-SS1N35EC" time="8.464">
  <properties/>
  <testcase name="setUp" classname="com.TelRan.selenium.OpenGoogleTest" time="8.464"/>
  <system-out><![CDATA[]]></system-out>
  <system-err><![CDATA[Starting ChromeDriver 76.0.3809.68 (420c9498db8ce8fcd190a954d51297672c1515d5-refs/branch-heads/3809@{#864}) on port 16370
Only local connections are allowed.
Please protect ports used by ChromeDriver and related test frameworks to prevent access by malicious code.
авг 19, 2019 9:02:16 PM org.openqa.selenium.remote.ProtocolHandshake createSession
INFO: Detected dialect: W3C
]]></system-err>
</testsuite>
