<?xml version="1.0" encoding="UTF-8"?>
<testsuite name="com.TelRan.selenium.TestBase" tests="1" skipped="0" failures="0" errors="0" timestamp="2019-08-26T16:19:28" hostname="LAPTOP-SS1N35EC" time="0.649">
  <properties/>
  <testcase name="tearDown" classname="com.TelRan.selenium.TestBase" time="0.649"/>
  <system-out><![CDATA[]]></system-out>
  <system-err><![CDATA[Starting ChromeDriver 76.0.3809.68 (420c9498db8ce8fcd190a954d51297672c1515d5-refs/branch-heads/3809@{#864}) on port 20612
Only local connections are allowed.
Please protect ports used by ChromeDriver and related test frameworks to prevent access by malicious code.
[1566836366.722][WARNING]: Timed out connecting to Chrome, retrying...
авг 26, 2019 7:19:28 PM org.openqa.selenium.remote.ProtocolHandshake createSession
INFO: Detected dialect: W3C
]]></system-err>
</testsuite>
