<?xml version="1.0" encoding="UTF-8"?>
<testsuite name="com.TelRan.selenium.LoginToEbay" tests="1" skipped="0" failures="0" errors="0" timestamp="2019-08-22T18:05:10" hostname="LAPTOP-SS1N35EC" time="10.317">
  <properties/>
  <testcase name="logInTest" classname="com.TelRan.selenium.LoginToEbay" time="10.317"/>
  <system-out><![CDATA[]]></system-out>
  <system-err><![CDATA[Starting ChromeDriver 76.0.3809.68 (420c9498db8ce8fcd190a954d51297672c1515d5-refs/branch-heads/3809@{#864}) on port 28068
Only local connections are allowed.
Please protect ports used by ChromeDriver and related test frameworks to prevent access by malicious code.
[1566497108.455][WARNING]: Timed out connecting to Chrome, retrying...
авг 22, 2019 9:05:10 PM org.openqa.selenium.remote.ProtocolHandshake createSession
INFO: Detected dialect: W3C
]]></system-err>
</testsuite>
